[0205/162050.860:ERROR:process_info.cc(359)] UncheckedAllocate
[0205/175329.273:ERROR:process_reader_win.cc(242)] ReadMemory at 0x7ffcd4810000 of 64 bytes failed: Only part of a ReadProcessMemory or WriteProcessMemory request was completed. (0x12B)
[0205/175329.273:WARNING:pe_image_reader.cc(302)] could not read dos header from C:\Program Files (x86)\Google\Chrome\Application\71.0.3578.98\chrome_child.dll
[0205/175329.282:ERROR:process_reader_win.cc(242)] ReadMemory at 0x7ffd2a730000 of 64 bytes failed: Only part of a ReadProcessMemory or WriteProcessMemory request was completed. (0x12B)
[0205/175329.282:WARNING:pe_image_reader.cc(302)] could not read dos header from C:\WINDOWS\SYSTEM32\IPHLPAPI.DLL
[0205/175329.282:ERROR:process_reader_win.cc(242)] ReadMemory at 0x7ffd18c40000 of 64 bytes failed: Only part of a ReadProcessMemory or WriteProcessMemory request was completed. (0x12B)
[0205/175329.282:WARNING:pe_image_reader.cc(302)] could not read dos header from C:\WINDOWS\SYSTEM32\OLEACC.dll
[0205/175329.282:ERROR:process_reader_win.cc(242)] ReadMemory at 0x7ffd1bcd0000 of 64 bytes failed: Only part of a ReadProcessMemory or WriteProcessMemory request was completed. (0x12B)
[0205/175329.282:WARNING:pe_image_reader.cc(302)] could not read dos header from C:\WINDOWS\WinSxS\amd64_microsoft.windows.common-controls_6595b64144ccf1df_6.0.17134.523_none_fb409dd930672a56\COMCTL32.dll
[0205/175329.282:ERROR:process_reader_win.cc(242)] ReadMemory at 0x7ffd1e7c0000 of 64 bytes failed: Only part of a ReadProcessMemory or WriteProcessMemory request was completed. (0x12B)
[0205/175329.282:WARNING:pe_image_reader.cc(302)] could not read dos header from C:\WINDOWS\SYSTEM32\DWrite.dll
[0205/175329.282:ERROR:process_reader_win.cc(242)] ReadMemory at 0x7ffd29f50000 of 64 bytes failed: Only part of a ReadProcessMemory or WriteProcessMemory request was completed. (0x12B)
[0205/175329.282:WARNING:pe_image_reader.cc(302)] could not read dos header from C:\WINDOWS\SYSTEM32\dxgi.dll
[0205/175329.282:ERROR:process_reader_win.cc(242)] ReadMemory at 0x7ffd18cb0000 of 64 bytes failed: Only part of a ReadProcessMemory or WriteProcessMemory request was completed. (0x12B)
[0205/175329.282:WARNING:pe_image_reader.cc(302)] could not read dos header from C:\WINDOWS\SYSTEM32\WINSPOOL.DRV
[0205/175329.283:ERROR:process_reader_win.cc(242)] ReadMemory at 0x7ffd29ad0000 of 64 bytes failed: Only part of a ReadProcessMemory or WriteProcessMemory request was completed. (0x12B)
[0205/175329.283:WARNING:pe_image_reader.cc(302)] could not read dos header from C:\WINDOWS\SYSTEM32\dbghelp.dll
[0205/175329.283:ERROR:process_reader_win.cc(242)] ReadMemory at 0x7ffd1bf70000 of 64 bytes failed: Only part of a ReadProcessMemory or WriteProcessMemory request was completed. (0x12B)
[0205/175329.283:WARNING:pe_image_reader.cc(302)] could not read dos header from C:\WINDOWS\SYSTEM32\USP10.dll
[0205/175329.283:ERROR:process_reader_win.cc(242)] ReadMemory at 0x7ffd1c5d0000 of 64 bytes failed: Only part of a ReadProcessMemory or WriteProcessMemory request was completed. (0x12B)
[0205/175329.283:WARNING:pe_image_reader.cc(302)] could not read dos header from C:\WINDOWS\SYSTEM32\WINHTTP.dll
[0205/175329.283:ERROR:process_reader_win.cc(242)] ReadMemory at 0x7ffd1eae0000 of 64 bytes failed: Only part of a ReadProcessMemory or WriteProcessMemory request was completed. (0x12B)
[0205/175329.283:WARNING:pe_image_reader.cc(302)] could not read dos header from C:\WINDOWS\SYSTEM32\urlmon.dll
[0205/175329.283:ERROR:process_reader_win.cc(242)] ReadMemory at 0x7ffd19af0000 of 64 bytes failed: Only part of a ReadProcessMemory or WriteProcessMemory request was completed. (0x12B)
[0205/175329.283:WARNING:pe_image_reader.cc(302)] could not read dos header from C:\WINDOWS\SYSTEM32\Secur32.dll
[0205/175329.283:ERROR:process_reader_win.cc(242)] ReadMemory at 0x7ffd21160000 of 64 bytes failed: Only part of a ReadProcessMemory or WriteProcessMemory request was completed. (0x12B)
[0205/175329.283:WARNING:pe_image_reader.cc(302)] could not read dos header from C:\WINDOWS\SYSTEM32\dhcpcsvc.DLL
[0205/175329.283:ERROR:process_reader_win.cc(242)] ReadMemory at 0x7ffd2ce80000 of 64 bytes failed: Only part of a ReadProcessMemory or WriteProcessMemory request was completed. (0x12B)
[0205/175329.283:WARNING:pe_image_reader.cc(302)] could not read dos header from C:\WINDOWS\System32\NSI.dll
[0205/175329.283:ERROR:process_reader_win.cc(242)] ReadMemory at 0x7ffd29cb0000 of 64 bytes failed: Only part of a ReadProcessMemory or WriteProcessMemory request was completed. (0x12B)
[0205/175329.283:WARNING:pe_image_reader.cc(302)] could not read dos header from C:\WINDOWS\SYSTEM32\PROPSYS.dll
[0205/175329.283:ERROR:process_reader_win.cc(242)] ReadMemory at 0x7ffd2acf0000 of 64 bytes failed: Only part of a ReadProcessMemory or WriteProcessMemory request was completed. (0x12B)
[0205/175329.284:WARNING:pe_image_reader.cc(302)] could not read dos header from C:\WINDOWS\SYSTEM32\bcrypt.dll
[0205/175329.284:ERROR:process_reader_win.cc(242)] ReadMemory at 0x7ffd1ee60000 of 64 bytes failed: Only part of a ReadProcessMemory or WriteProcessMemory request was completed. (0x12B)
[0205/175329.284:WARNING:pe_image_reader.cc(302)] could not read dos header from C:\WINDOWS\SYSTEM32\iertutil.dll
[0205/175329.284:ERROR:process_reader_win.cc(242)] ReadMemory at 0x7ffd2b0c0000 of 64 bytes failed: Only part of a ReadProcessMemory or WriteProcessMemory request was completed. (0x12B)
[0205/175329.284:WARNING:pe_image_reader.cc(302)] could not read dos header from C:\WINDOWS\SYSTEM32\SSPICLI.DLL
[0205/175329.313:ERROR:process_reader_win.cc(242)] ReadMemory at 0x1001fb000 of 20480 bytes failed: Only part of a ReadProcessMemory or WriteProcessMemory request was completed. (0x12B)
[0205/175329.313:ERROR:process_reader_win.cc(242)] ReadMemory at 0x1005ff000 of 4096 bytes failed: Only part of a ReadProcessMemory or WriteProcessMemory request was completed. (0x12B)
[0205/175329.313:ERROR:process_reader_win.cc(242)] ReadMemory at 0x1007ff000 of 4096 bytes failed: Only part of a ReadProcessMemory or WriteProcessMemory request was completed. (0x12B)
[0205/175329.313:ERROR:process_reader_win.cc(242)] ReadMemory at 0x1009ff000 of 4096 bytes failed: Only part of a ReadProcessMemory or WriteProcessMemory request was completed. (0x12B)
[0205/175329.313:ERROR:process_reader_win.cc(242)] ReadMemory at 0x100bff000 of 4096 bytes failed: Only part of a ReadProcessMemory or WriteProcessMemory request was completed. (0x12B)
[0205/175329.313:ERROR:process_reader_win.cc(242)] ReadMemory at 0x100dff000 of 4096 bytes failed: Only part of a ReadProcessMemory or WriteProcessMemory request was completed. (0x12B)
[0205/175329.313:ERROR:process_reader_win.cc(242)] ReadMemory at 0x100fff000 of 4096 bytes failed: Only part of a ReadProcessMemory or WriteProcessMemory request was completed. (0x12B)
[0205/175329.313:ERROR:process_reader_win.cc(242)] ReadMemory at 0x1011ff000 of 4096 bytes failed: Only part of a ReadProcessMemory or WriteProcessMemory request was completed. (0x12B)
[0205/175329.313:ERROR:process_reader_win.cc(242)] ReadMemory at 0x1013ff000 of 4096 bytes failed: Only part of a ReadProcessMemory or WriteProcessMemory request was completed. (0x12B)
[0205/175329.313:ERROR:process_reader_win.cc(242)] ReadMemory at 0x1015ff000 of 4096 bytes failed: Only part of a ReadProcessMemory or WriteProcessMemory request was completed. (0x12B)
[0205/175329.313:ERROR:process_reader_win.cc(242)] ReadMemory at 0x1003d0000 of 852 bytes failed: Only part of a ReadProcessMemory or WriteProcessMemory request was completed. (0x12B)
[0205/175329.313:ERROR:process_reader_win.cc(242)] ReadMemory at 0x1003d1000 of 6024 bytes failed: Only part of a ReadProcessMemory or WriteProcessMemory request was completed. (0x12B)
[0205/175329.313:ERROR:process_reader_win.cc(242)] ReadMemory at 0x1003d3000 of 6024 bytes failed: Only part of a ReadProcessMemory or WriteProcessMemory request was completed. (0x12B)
[0205/175329.313:ERROR:process_reader_win.cc(242)] ReadMemory at 0x1003d4f80 of 6152 bytes failed: Only part of a ReadProcessMemory or WriteProcessMemory request was completed. (0x12B)
[0205/175329.313:ERROR:process_reader_win.cc(242)] ReadMemory at 0x1003d7000 of 6024 bytes failed: Only part of a ReadProcessMemory or WriteProcessMemory request was completed. (0x12B)
[0205/175329.313:ERROR:process_reader_win.cc(242)] ReadMemory at 0x1003d9000 of 6024 bytes failed: Only part of a ReadProcessMemory or WriteProcessMemory request was completed. (0x12B)
[0205/175329.313:ERROR:process_reader_win.cc(242)] ReadMemory at 0x1003db000 of 6024 bytes failed: Only part of a ReadProcessMemory or WriteProcessMemory request was completed. (0x12B)
[0205/175329.313:ERROR:process_reader_win.cc(242)] ReadMemory at 0x1003dd000 of 6024 bytes failed: Only part of a ReadProcessMemory or WriteProcessMemory request was completed. (0x12B)
[0205/175329.313:ERROR:process_reader_win.cc(242)] ReadMemory at 0x1003df000 of 6024 bytes failed: Only part of a ReadProcessMemory or WriteProcessMemory request was completed. (0x12B)
[0205/175329.313:ERROR:process_reader_win.cc(242)] ReadMemory at 0x1003e1000 of 6024 bytes failed: Only part of a ReadProcessMemory or WriteProcessMemory request was completed. (0x12B)
[0205/175329.313:ERROR:process_reader_win.cc(242)] ReadMemory at 0x1003e3000 of 6024 bytes failed: Only part of a ReadProcessMemory or WriteProcessMemory request was completed. (0x12B)
[0205/175329.313:ERROR:process_reader_win.cc(242)] ReadMemory at 0x10189760000 of 384 bytes failed: Only part of a ReadProcessMemory or WriteProcessMemory request was completed. (0x12B)
[0205/175329.313:ERROR:process_reader_win.cc(242)] ReadMemory at 0x10189760ab0 of 512 bytes failed: Only part of a ReadProcessMemory or WriteProcessMemory request was completed. (0x12B)
[0205/175329.313:ERROR:process_reader_win.cc(242)] ReadMemory at 0x10189760fc0 of 4404 bytes failed: Only part of a ReadProcessMemory or WriteProcessMemory request was completed. (0x12B)
[0205/175329.313:ERROR:process_reader_win.cc(242)] ReadMemory at 0x10189762100 of 1012 bytes failed: Only part of a ReadProcessMemory or WriteProcessMemory request was completed. (0x12B)
[0205/175329.313:ERROR:process_reader_win.cc(242)] ReadMemory at 0x10189762718 of 118 bytes failed: Only part of a ReadProcessMemory or WriteProcessMemory request was completed. (0x12B)
[0205/175329.315:ERROR:process_reader_win.cc(242)] ReadMemory at 0x10189762790 of 1460 bytes failed: Only part of a ReadProcessMemory or WriteProcessMemory request was completed. (0x12B)
[0205/175329.315:ERROR:process_reader_win.cc(242)] ReadMemory at 0x10189762d46 of 118 bytes failed: Only part of a ReadProcessMemory or WriteProcessMemory request was completed. (0x12B)
[0205/175329.315:ERROR:process_reader_win.cc(242)] ReadMemory at 0x10189762dbe of 98 bytes failed: Only part of a ReadProcessMemory or WriteProcessMemory request was completed. (0x12B)
[0205/175329.315:ERROR:process_reader_win.cc(242)] ReadMemory at 0x10189762e30 of 58 bytes failed: Only part of a ReadProcessMemory or WriteProcessMemory request was completed. (0x12B)
[0205/175329.315:ERROR:process_reader_win.cc(242)] ReadMemory at 0x10189762f30 of 132 bytes failed: Only part of a ReadProcessMemory or WriteProcessMemory request was completed. (0x12B)
[0205/175329.315:ERROR:process_reader_win.cc(242)] ReadMemory at 0x101897630c0 of 132 bytes failed: Only part of a ReadProcessMemory or WriteProcessMemory request was completed. (0x12B)
[0205/175329.315:ERROR:process_reader_win.cc(242)] ReadMemory at 0x10189763280 of 124 bytes failed: Only part of a ReadProcessMemory or WriteProcessMemory request was completed. (0x12B)
[0205/175329.315:ERROR:process_reader_win.cc(242)] ReadMemory at 0x10189763660 of 132 bytes failed: Only part of a ReadProcessMemory or WriteProcessMemory request was completed. (0x12B)
[0205/175329.315:ERROR:process_reader_win.cc(242)] ReadMemory at 0x101897637f0 of 64 bytes failed: Only part of a ReadProcessMemory or WriteProcessMemory request was completed. (0x12B)
[0205/175329.315:ERROR:process_reader_win.cc(242)] ReadMemory at 0x10189763950 of 132 bytes failed: Only part of a ReadProcessMemory or WriteProcessMemory request was completed. (0x12B)
[0205/175329.315:ERROR:process_reader_win.cc(242)] ReadMemory at 0x10189763b50 of 62 bytes failed: Only part of a ReadProcessMemory or WriteProcessMemory request was completed. (0x12B)
[0205/175329.315:ERROR:process_reader_win.cc(242)] ReadMemory at 0x10189763c40 of 132 bytes failed: Only part of a ReadProcessMemory or WriteProcessMemory request was completed. (0x12B)
[0205/175329.315:ERROR:process_reader_win.cc(242)] ReadMemory at 0x10189763dd0 of 68 bytes failed: Only part of a ReadProcessMemory or WriteProcessMemory request was completed. (0x12B)
[0205/175329.315:ERROR:process_reader_win.cc(242)] ReadMemory at 0x1018976a160 of 132 bytes failed: Only part of a ReadProcessMemory or WriteProcessMemory request was completed. (0x12B)
[0205/175329.315:ERROR:process_reader_win.cc(242)] ReadMemory at 0x1018976a370 of 132 bytes failed: Only part of a ReadProcessMemory or WriteProcessMemory request was completed. (0x12B)
[0205/175329.315:ERROR:process_reader_win.cc(242)] ReadMemory at 0x1018976a4a0 of 62 bytes failed: Only part of a ReadProcessMemory or WriteProcessMemory request was completed. (0x12B)
[0205/175329.315:ERROR:process_reader_win.cc(242)] ReadMemory at 0x1018976a8a0 of 132 bytes failed: Only part of a ReadProcessMemory or WriteProcessMemory request was completed. (0x12B)
[0205/175329.315:ERROR:process_reader_win.cc(242)] ReadMemory at 0x1018976bfd0 of 60 bytes failed: Only part of a ReadProcessMemory or WriteProcessMemory request was completed. (0x12B)
[0205/175329.315:ERROR:process_reader_win.cc(242)] ReadMemory at 0x1018976c020 of 156 bytes failed: Only part of a ReadProcessMemory or WriteProcessMemory request was completed. (0x12B)
[0205/175329.315:ERROR:process_reader_win.cc(242)] ReadMemory at 0x1018976c220 of 132 bytes failed: Only part of a ReadProcessMemory or WriteProcessMemory request was completed. (0x12B)
[0205/175329.315:ERROR:process_reader_win.cc(242)] ReadMemory at 0x1018976c3b0 of 64 bytes failed: Only part of a ReadProcessMemory or WriteProcessMemory request was completed. (0x12B)
[0205/175329.315:ERROR:process_reader_win.cc(242)] ReadMemory at 0x1018976c630 of 132 bytes failed: Only part of a ReadProcessMemory or WriteProcessMemory request was completed. (0x12B)
[0205/175329.315:ERROR:process_reader_win.cc(242)] ReadMemory at 0x1018976c7c0 of 64 bytes failed: Only part of a ReadProcessMemory or WriteProcessMemory request was completed. (0x12B)
[0205/175329.315:ERROR:process_reader_win.cc(242)] ReadMemory at 0x1018976ca20 of 132 bytes failed: Only part of a ReadProcessMemory or WriteProcessMemory request was completed. (0x12B)
[0205/175329.315:ERROR:process_reader_win.cc(242)] ReadMemory at 0x1018976cbb0 of 60 bytes failed: Only part of a ReadProcessMemory or WriteProcessMemory request was completed. (0x12B)
[0205/175329.315:ERROR:process_reader_win.cc(242)] ReadMemory at 0x1018976ced0 of 132 bytes failed: Only part of a ReadProcessMemory or WriteProcessMemory request was completed. (0x12B)
[0205/175329.315:ERROR:process_reader_win.cc(242)] ReadMemory at 0x1018976d1d0 of 76 bytes failed: Only part of a ReadProcessMemory or WriteProcessMemory request was completed. (0x12B)
[0205/175329.315:ERROR:process_reader_win.cc(242)] ReadMemory at 0x1018976d3b0 of 78 bytes failed: Only part of a ReadProcessMemory or WriteProcessMemory request was completed. (0x12B)
[0205/175329.315:ERROR:process_reader_win.cc(242)] ReadMemory at 0x1018976d650 of 80 bytes failed: Only part of a ReadProcessMemory or WriteProcessMemory request was completed. (0x12B)
[0205/175329.315:ERROR:process_reader_win.cc(242)] ReadMemory at 0x1018976dc10 of 60 bytes failed: Only part of a ReadProcessMemory or WriteProcessMemory request was completed. (0x12B)
[0205/175329.315:ERROR:process_reader_win.cc(242)] ReadMemory at 0x1018976de50 of 132 bytes failed: Only part of a ReadProcessMemory or WriteProcessMemory request was completed. (0x12B)
[0205/175329.315:ERROR:process_reader_win.cc(242)] ReadMemory at 0x1018976df80 of 62 bytes failed: Only part of a ReadProcessMemory or WriteProcessMemory request was completed. (0x12B)
[0205/175329.317:ERROR:process_reader_win.cc(242)] ReadMemory at 0x1018976e6d0 of 132 bytes failed: Only part of a ReadProcessMemory or WriteProcessMemory request was completed. (0x12B)
[0205/175329.317:ERROR:process_reader_win.cc(242)] ReadMemory at 0x1018976e990 of 132 bytes failed: Only part of a ReadProcessMemory or WriteProcessMemory request was completed. (0x12B)
[0205/175329.317:ERROR:process_reader_win.cc(242)] ReadMemory at 0x1018976ea40 of 512 bytes failed: Only part of a ReadProcessMemory or WriteProcessMemory request was completed. (0x12B)
[0205/175329.317:ERROR:process_reader_win.cc(242)] ReadMemory at 0x1018976ee70 of 132 bytes failed: Only part of a ReadProcessMemory or WriteProcessMemory request was completed. (0x12B)
[0205/175329.317:ERROR:process_reader_win.cc(242)] ReadMemory at 0x1018976efa0 of 64 bytes failed: Only part of a ReadProcessMemory or WriteProcessMemory request was completed. (0x12B)
[0205/175329.317:ERROR:process_reader_win.cc(242)] ReadMemory at 0x10189770110 of 132 bytes failed: Only part of a ReadProcessMemory or WriteProcessMemory request was completed. (0x12B)
[0205/175329.317:ERROR:process_reader_win.cc(242)] ReadMemory at 0x10189770330 of 60 bytes failed: Only part of a ReadProcessMemory or WriteProcessMemory request was completed. (0x12B)
[0205/175329.319:ERROR:process_reader_win.cc(242)] ReadMemory at 0x10189770380 of 66 bytes failed: Only part of a ReadProcessMemory or WriteProcessMemory request was completed. (0x12B)
[0205/175329.319:ERROR:process_reader_win.cc(242)] ReadMemory at 0x10189770420 of 60 bytes failed: Only part of a ReadProcessMemory or WriteProcessMemory request was completed. (0x12B)
[0205/175329.319:ERROR:process_reader_win.cc(242)] ReadMemory at 0x10189770510 of 62 bytes failed: Only part of a ReadProcessMemory or WriteProcessMemory request was completed. (0x12B)
[0205/175329.319:ERROR:process_reader_win.cc(242)] ReadMemory at 0x101897705b0 of 62 bytes failed: Only part of a ReadProcessMemory or WriteProcessMemory request was completed. (0x12B)
[0205/175329.320:ERROR:process_reader_win.cc(242)] ReadMemory at 0x10189770600 of 58 bytes failed: Only part of a ReadProcessMemory or WriteProcessMemory request was completed. (0x12B)
[0205/175329.320:ERROR:process_reader_win.cc(242)] ReadMemory at 0x101897706a0 of 62 bytes failed: Only part of a ReadProcessMemory or WriteProcessMemory request was completed. (0x12B)
[0205/175329.320:ERROR:process_reader_win.cc(242)] ReadMemory at 0x101897706f0 of 62 bytes failed: Only part of a ReadProcessMemory or WriteProcessMemory request was completed. (0x12B)
[0205/175329.320:ERROR:process_reader_win.cc(242)] ReadMemory at 0x10189770740 of 66 bytes failed: Only part of a ReadProcessMemory or WriteProcessMemory request was completed. (0x12B)
[0205/175329.320:ERROR:process_reader_win.cc(242)] ReadMemory at 0x10189770790 of 64 bytes failed: Only part of a ReadProcessMemory or WriteProcessMemory request was completed. (0x12B)
[0205/175329.321:ERROR:process_reader_win.cc(242)] ReadMemory at 0x101897707e0 of 58 bytes failed: Only part of a ReadProcessMemory or WriteProcessMemory request was completed. (0x12B)
[0205/175329.321:ERROR:process_reader_win.cc(242)] ReadMemory at 0x101897708d0 of 58 bytes failed: Only part of a ReadProcessMemory or WriteProcessMemory request was completed. (0x12B)
[0205/175329.321:ERROR:process_reader_win.cc(242)] ReadMemory at 0x10189770920 of 62 bytes failed: Only part of a ReadProcessMemory or WriteProcessMemory request was completed. (0x12B)
[0205/175329.321:ERROR:process_reader_win.cc(242)] ReadMemory at 0x10189770970 of 60 bytes failed: Only part of a ReadProcessMemory or WriteProcessMemory request was completed. (0x12B)
[0205/175329.322:ERROR:process_reader_win.cc(242)] ReadMemory at 0x10189770b70 of 132 bytes failed: Only part of a ReadProcessMemory or WriteProcessMemory request was completed. (0x12B)
[0205/175329.322:ERROR:process_reader_win.cc(242)] ReadMemory at 0x10189770ca0 of 132 bytes failed: Only part of a ReadProcessMemory or WriteProcessMemory request was completed. (0x12B)
[0205/175329.322:ERROR:process_reader_win.cc(242)] ReadMemory at 0x10189770dd0 of 132 bytes failed: Only part of a ReadProcessMemory or WriteProcessMemory request was completed. (0x12B)
[0205/175329.323:ERROR:process_reader_win.cc(242)] ReadMemory at 0x10189770f00 of 132 bytes failed: Only part of a ReadProcessMemory or WriteProcessMemory request was completed. (0x12B)
[0205/175329.323:ERROR:process_reader_win.cc(242)] ReadMemory at 0x10189771030 of 132 bytes failed: Only part of a ReadProcessMemory or WriteProcessMemory request was completed. (0x12B)
[0205/175329.323:ERROR:process_reader_win.cc(242)] ReadMemory at 0x10189771160 of 132 bytes failed: Only part of a ReadProcessMemory or WriteProcessMemory request was completed. (0x12B)
[0205/175329.323:ERROR:process_reader_win.cc(242)] ReadMemory at 0x10189771290 of 132 bytes failed: Only part of a ReadProcessMemory or WriteProcessMemory request was completed. (0x12B)
[0205/175329.323:ERROR:process_reader_win.cc(242)] ReadMemory at 0x101897713c0 of 132 bytes failed: Only part of a ReadProcessMemory or WriteProcessMemory request was completed. (0x12B)
[0205/175329.324:ERROR:process_reader_win.cc(242)] ReadMemory at 0x101897714f0 of 132 bytes failed: Only part of a ReadProcessMemory or WriteProcessMemory request was completed. (0x12B)
[0205/175329.324:ERROR:process_reader_win.cc(242)] ReadMemory at 0x10189771620 of 132 bytes failed: Only part of a ReadProcessMemory or WriteProcessMemory request was completed. (0x12B)
[0205/175329.324:ERROR:process_reader_win.cc(242)] ReadMemory at 0x10189771750 of 132 bytes failed: Only part of a ReadProcessMemory or WriteProcessMemory request was completed. (0x12B)
[0205/175329.324:ERROR:process_reader_win.cc(242)] ReadMemory at 0x10189771880 of 132 bytes failed: Only part of a ReadProcessMemory or WriteProcessMemory request was completed. (0x12B)
[0205/175329.324:ERROR:process_reader_win.cc(242)] ReadMemory at 0x101897719b0 of 132 bytes failed: Only part of a ReadProcessMemory or WriteProcessMemory request was completed. (0x12B)
[0205/175329.324:ERROR:process_reader_win.cc(242)] ReadMemory at 0x10189771f50 of 246 bytes failed: Only part of a ReadProcessMemory or WriteProcessMemory request was completed. (0x12B)
[0205/175329.324:ERROR:process_reader_win.cc(242)] ReadMemory at 0x101897745d0 of 132 bytes failed: Only part of a ReadProcessMemory or WriteProcessMemory request was completed. (0x12B)
[0205/175329.324:ERROR:process_reader_win.cc(242)] ReadMemory at 0x10189774700 of 132 bytes failed: Only part of a ReadProcessMemory or WriteProcessMemory request was completed. (0x12B)
[0205/175329.324:ERROR:process_reader_win.cc(242)] ReadMemory at 0x10189774830 of 132 bytes failed: Only part of a ReadProcessMemory or WriteProcessMemory request was completed. (0x12B)
[0205/175329.324:ERROR:process_reader_win.cc(242)] ReadMemory at 0x10189774960 of 132 bytes failed: Only part of a ReadProcessMemory or WriteProcessMemory request was completed. (0x12B)
[0205/175329.324:ERROR:process_reader_win.cc(242)] ReadMemory at 0x10189774a90 of 132 bytes failed: Only part of a ReadProcessMemory or WriteProcessMemory request was completed. (0x12B)
[0205/175329.324:ERROR:process_reader_win.cc(242)] ReadMemory at 0x10189774bc0 of 132 bytes failed: Only part of a ReadProcessMemory or WriteProcessMemory request was completed. (0x12B)
[0205/175329.325:ERROR:process_reader_win.cc(242)] ReadMemory at 0x10189774cf0 of 132 bytes failed: Only part of a ReadProcessMemory or WriteProcessMemory request was completed. (0x12B)
[0205/175329.325:ERROR:process_reader_win.cc(242)] ReadMemory at 0x10189774e20 of 132 bytes failed: Only part of a ReadProcessMemory or WriteProcessMemory request was completed. (0x12B)
[0205/175329.325:ERROR:process_reader_win.cc(242)] ReadMemory at 0x10189774f50 of 132 bytes failed: Only part of a ReadProcessMemory or WriteProcessMemory request was completed. (0x12B)
[0205/175329.325:ERROR:process_reader_win.cc(242)] ReadMemory at 0x10189775080 of 132 bytes failed: Only part of a ReadProcessMemory or WriteProcessMemory request was completed. (0x12B)
[0205/175329.325:ERROR:process_reader_win.cc(242)] ReadMemory at 0x101897751b0 of 132 bytes failed: Only part of a ReadProcessMemory or WriteProcessMemory request was completed. (0x12B)
[0205/175329.325:ERROR:process_reader_win.cc(242)] ReadMemory at 0x101897752e0 of 132 bytes failed: Only part of a ReadProcessMemory or WriteProcessMemory request was completed. (0x12B)
[0205/175329.325:ERROR:process_reader_win.cc(242)] ReadMemory at 0x10189775410 of 132 bytes failed: Only part of a ReadProcessMemory or WriteProcessMemory request was completed. (0x12B)
[0205/175329.325:ERROR:process_reader_win.cc(242)] ReadMemory at 0x10189775540 of 132 bytes failed: Only part of a ReadProcessMemory or WriteProcessMemory request was completed. (0x12B)
[0205/175329.325:ERROR:process_reader_win.cc(242)] ReadMemory at 0x101897757a0 of 132 bytes failed: Only part of a ReadProcessMemory or WriteProcessMemory request was completed. (0x12B)
[0205/175329.325:ERROR:process_reader_win.cc(242)] ReadMemory at 0x101897758d0 of 132 bytes failed: Only part of a ReadProcessMemory or WriteProcessMemory request was completed. (0x12B)
[0205/175329.325:ERROR:process_reader_win.cc(242)] ReadMemory at 0x10189775a00 of 132 bytes failed: Only part of a ReadProcessMemory or WriteProcessMemory request was completed. (0x12B)
[0205/175329.325:ERROR:process_reader_win.cc(242)] ReadMemory at 0x10189775b30 of 132 bytes failed: Only part of a ReadProcessMemory or WriteProcessMemory request was completed. (0x12B)
[0205/175329.326:ERROR:process_reader_win.cc(242)] ReadMemory at 0x10189775c60 of 132 bytes failed: Only part of a ReadProcessMemory or WriteProcessMemory request was completed. (0x12B)
[0205/175329.326:ERROR:process_reader_win.cc(242)] ReadMemory at 0x10189775d90 of 132 bytes failed: Only part of a ReadProcessMemory or WriteProcessMemory request was completed. (0x12B)
[0205/175329.326:ERROR:process_reader_win.cc(242)] ReadMemory at 0x10189775ec0 of 132 bytes failed: Only part of a ReadProcessMemory or WriteProcessMemory request was completed. (0x12B)
[0205/175329.326:ERROR:process_reader_win.cc(242)] ReadMemory at 0x10189775ff0 of 132 bytes failed: Only part of a ReadProcessMemory or WriteProcessMemory request was completed. (0x12B)
[0205/175329.326:ERROR:process_reader_win.cc(242)] ReadMemory at 0x10189776120 of 132 bytes failed: Only part of a ReadProcessMemory or WriteProcessMemory request was completed. (0x12B)
[0205/175329.327:ERROR:process_reader_win.cc(242)] ReadMemory at 0x10189776380 of 132 bytes failed: Only part of a ReadProcessMemory or WriteProcessMemory request was completed. (0x12B)
[0205/175329.327:ERROR:process_reader_win.cc(242)] ReadMemory at 0x10189776590 of 152 bytes failed: Only part of a ReadProcessMemory or WriteProcessMemory request was completed. (0x12B)
[0205/175329.327:ERROR:process_reader_win.cc(242)] ReadMemory at 0x10189777e7a of 512 bytes failed: Only part of a ReadProcessMemory or WriteProcessMemory request was completed. (0x12B)
[0205/175329.327:ERROR:process_reader_win.cc(242)] ReadMemory at 0x10189778c30 of 64 bytes failed: Only part of a ReadProcessMemory or WriteProcessMemory request was completed. (0x12B)
[0205/175329.327:ERROR:process_reader_win.cc(242)] ReadMemory at 0x10189779040 of 60 bytes failed: Only part of a ReadProcessMemory or WriteProcessMemory request was completed. (0x12B)
[0205/175329.327:ERROR:process_reader_win.cc(242)] ReadMemory at 0x10189779090 of 58 bytes failed: Only part of a ReadProcessMemory or WriteProcessMemory request was completed. (0x12B)
[0205/175329.327:ERROR:process_reader_win.cc(242)] ReadMemory at 0x10189779130 of 64 bytes failed: Only part of a ReadProcessMemory or WriteProcessMemory request was completed. (0x12B)
[0205/175329.327:ERROR:process_reader_win.cc(242)] ReadMemory at 0x101897791d0 of 66 bytes failed: Only part of a ReadProcessMemory or WriteProcessMemory request was completed. (0x12B)
[0205/175329.327:ERROR:process_reader_win.cc(242)] ReadMemory at 0x10189779450 of 60 bytes failed: Only part of a ReadProcessMemory or WriteProcessMemory request was completed. (0x12B)
[0205/175329.327:ERROR:process_reader_win.cc(242)] ReadMemory at 0x10189779540 of 62 bytes failed: Only part of a ReadProcessMemory or WriteProcessMemory request was completed. (0x12B)
[0205/175329.327:ERROR:process_reader_win.cc(242)] ReadMemory at 0x10189779590 of 64 bytes failed: Only part of a ReadProcessMemory or WriteProcessMemory request was completed. (0x12B)
[0205/175329.327:ERROR:process_reader_win.cc(242)] ReadMemory at 0x101897795e0 of 64 bytes failed: Only part of a ReadProcessMemory or WriteProcessMemory request was completed. (0x12B)
[0205/175329.327:ERROR:process_reader_win.cc(242)] ReadMemory at 0x10189779680 of 58 bytes failed: Only part of a ReadProcessMemory or WriteProcessMemory request was completed. (0x12B)
[0205/175329.327:ERROR:process_reader_win.cc(242)] ReadMemory at 0x101897796f0 of 512 bytes failed: Only part of a ReadProcessMemory or WriteProcessMemory request was completed. (0x12B)
[0205/175329.327:ERROR:process_reader_win.cc(242)] ReadMemory at 0x1018977f850 of 54 bytes failed: Only part of a ReadProcessMemory or WriteProcessMemory request was completed. (0x12B)
[0205/175329.327:ERROR:process_reader_win.cc(242)] ReadMemory at 0x10189787cd0 of 64 bytes failed: Only part of a ReadProcessMemory or WriteProcessMemory request was completed. (0x12B)
[0205/175329.327:ERROR:process_reader_win.cc(242)] ReadMemory at 0x10189787e10 of 62 bytes failed: Only part of a ReadProcessMemory or WriteProcessMemory request was completed. (0x12B)
[0205/175329.327:ERROR:process_reader_win.cc(242)] ReadMemory at 0x10189787f50 of 60 bytes failed: Only part of a ReadProcessMemory or WriteProcessMemory request was completed. (0x12B)
[0205/175329.327:ERROR:process_reader_win.cc(242)] ReadMemory at 0x10189787fa0 of 64 bytes failed: Only part of a ReadProcessMemory or WriteProcessMemory request was completed. (0x12B)
[0205/175329.329:ERROR:process_reader_win.cc(242)] ReadMemory at 0x10189787ff0 of 62 bytes failed: Only part of a ReadProcessMemory or WriteProcessMemory request was completed. (0x12B)
[0205/175329.329:ERROR:process_reader_win.cc(242)] ReadMemory at 0x10189788040 of 60 bytes failed: Only part of a ReadProcessMemory or WriteProcessMemory request was completed. (0x12B)
[0205/175329.329:ERROR:process_reader_win.cc(242)] ReadMemory at 0x10189788090 of 60 bytes failed: Only part of a ReadProcessMemory or WriteProcessMemory request was completed. (0x12B)
[0205/175329.329:ERROR:process_reader_win.cc(242)] ReadMemory at 0x10189788270 of 60 bytes failed: Only part of a ReadProcessMemory or WriteProcessMemory request was completed. (0x12B)
[0205/175329.329:ERROR:process_reader_win.cc(242)] ReadMemory at 0x10189788310 of 58 bytes failed: Only part of a ReadProcessMemory or WriteProcessMemory request was completed. (0x12B)
[0205/175329.329:ERROR:process_reader_win.cc(242)] ReadMemory at 0x101897883b0 of 64 bytes failed: Only part of a ReadProcessMemory or WriteProcessMemory request was completed. (0x12B)
[0205/175329.329:ERROR:process_reader_win.cc(242)] ReadMemory at 0x10189788400 of 62 bytes failed: Only part of a ReadProcessMemory or WriteProcessMemory request was completed. (0x12B)
[0205/175329.329:ERROR:process_reader_win.cc(242)] ReadMemory at 0x101897884f0 of 56 bytes failed: Only part of a ReadProcessMemory or WriteProcessMemory request was completed. (0x12B)
[0205/175329.329:ERROR:process_reader_win.cc(242)] ReadMemory at 0x101897886a0 of 512 bytes failed: Only part of a ReadProcessMemory or WriteProcessMemory request was completed. (0x12B)
[0205/175329.329:ERROR:process_reader_win.cc(242)] ReadMemory at 0x10189788df0 of 132 bytes failed: Only part of a ReadProcessMemory or WriteProcessMemory request was completed. (0x12B)
[0205/175329.329:ERROR:process_reader_win.cc(242)] ReadMemory at 0x101897893e0 of 132 bytes failed: Only part of a ReadProcessMemory or WriteProcessMemory request was completed. (0x12B)
[0205/175329.329:ERROR:process_reader_win.cc(242)] ReadMemory at 0x10189789b00 of 132 bytes failed: Only part of a ReadProcessMemory or WriteProcessMemory request was completed. (0x12B)
[0205/175329.329:ERROR:process_reader_win.cc(242)] ReadMemory at 0x10189789d60 of 132 bytes failed: Only part of a ReadProcessMemory or WriteProcessMemory request was completed. (0x12B)
[0205/175329.330:ERROR:process_reader_win.cc(242)] ReadMemory at 0x10189789e90 of 132 bytes failed: Only part of a ReadProcessMemory or WriteProcessMemory request was completed. (0x12B)
[0205/175329.330:ERROR:process_reader_win.cc(242)] ReadMemory at 0x1018978a9a0 of 512 bytes failed: Only part of a ReadProcessMemory or WriteProcessMemory request was completed. (0x12B)
[0205/175329.330:ERROR:process_reader_win.cc(242)] ReadMemory at 0x1018978c490 of 512 bytes failed: Only part of a ReadProcessMemory or WriteProcessMemory request was completed. (0x12B)
[0205/175329.331:ERROR:process_reader_win.cc(242)] ReadMemory at 0x10189793630 of 608 bytes failed: Only part of a ReadProcessMemory or WriteProcessMemory request was completed. (0x12B)
[0205/175329.331:ERROR:process_reader_win.cc(242)] ReadMemory at 0x10189b696b0 of 672 bytes failed: Only part of a ReadProcessMemory or WriteProcessMemory request was completed. (0x12B)
[0205/175329.331:ERROR:process_reader_win.cc(242)] ReadMemory at 0x10189b6e790 of 512 bytes failed: Only part of a ReadProcessMemory or WriteProcessMemory request was completed. (0x12B)
[0205/175329.331:ERROR:process_reader_win.cc(242)] ReadMemory at 0x10189b6ed30 of 512 bytes failed: Only part of a ReadProcessMemory or WriteProcessMemory request was completed. (0x12B)
[0205/175329.331:ERROR:process_reader_win.cc(242)] ReadMemory at 0x10189b7ddc0 of 512 bytes failed: Only part of a ReadProcessMemory or WriteProcessMemory request was completed. (0x12B)
[0205/175329.331:ERROR:process_reader_win.cc(242)] ReadMemory at 0x7ffcd4815bf3 of 512 bytes failed: Only part of a ReadProcessMemory or WriteProcessMemory request was completed. (0x12B)
[0205/175329.331:ERROR:process_reader_win.cc(242)] ReadMemory at 0x7ffcd6752f80 of 512 bytes failed: Only part of a ReadProcessMemory or WriteProcessMemory request was completed. (0x12B)
[0205/175329.331:ERROR:process_reader_win.cc(242)] ReadMemory at 0x7ffcd9b9fd20 of 512 bytes failed: Only part of a ReadProcessMemory or WriteProcessMemory request was completed. (0x12B)
[0205/175329.331:ERROR:process_reader_win.cc(242)] ReadMemory at 0x7ffcd9ba1370 of 512 bytes failed: Only part of a ReadProcessMemory or WriteProcessMemory request was completed. (0x12B)
[0205/175329.331:ERROR:process_reader_win.cc(242)] ReadMemory at 0x7ffd2b40a308 of 512 bytes failed: Only part of a ReadProcessMemory or WriteProcessMemory request was completed. (0x12B)
[0205/175329.331:ERROR:process_reader_win.cc(242)] ReadMemory at 0x7ffd2eea62b0 of 512 bytes failed: Only part of a ReadProcessMemory or WriteProcessMemory request was completed. (0x12B)
[0205/175329.331:ERROR:process_reader_win.cc(242)] ReadMemory at 0x7ffd2eea79f0 of 512 bytes failed: Only part of a ReadProcessMemory or WriteProcessMemory request was completed. (0x12B)
[0205/175329.331:ERROR:process_reader_win.cc(242)] ReadMemory at 0x7ffd2eea82e0 of 512 bytes failed: Only part of a ReadProcessMemory or WriteProcessMemory request was completed. (0x12B)
[0205/175329.331:ERROR:process_reader_win.cc(242)] ReadMemory at 0x7ffd2eeaa0d0 of 512 bytes failed: Only part of a ReadProcessMemory or WriteProcessMemory request was completed. (0x12B)
[0205/175329.331:ERROR:process_reader_win.cc(242)] ReadMemory at 0x7ffd2eef0e4c of 512 bytes failed: Only part of a ReadProcessMemory or WriteProcessMemory request was completed. (0x12B)
[0205/175329.331:ERROR:process_reader_win.cc(242)] ReadMemory at 0x7ffd2eef35f0 of 512 bytes failed: Only part of a ReadProcessMemory or WriteProcessMemory request was completed. (0x12B)
[0205/175329.331:ERROR:process_reader_win.cc(242)] ReadMemory at 0x7ffd2ef1afa4 of 512 bytes failed: Only part of a ReadProcessMemory or WriteProcessMemory request was completed. (0x12B)
[0205/175329.331:ERROR:process_reader_win.cc(242)] ReadMemory at 0x7ffd2ef1e274 of 512 bytes failed: Only part of a ReadProcessMemory or WriteProcessMemory request was completed. (0x12B)
[0205/175329.331:ERROR:process_reader_win.cc(242)] ReadMemory at 0x7ffd2ef211e4 of 512 bytes failed: Only part of a ReadProcessMemory or WriteProcessMemory request was completed. (0x12B)
[0205/175329.331:ERROR:process_reader_win.cc(242)] ReadMemory at 0x7ffd2efa3810 of 18 bytes failed: Only part of a ReadProcessMemory or WriteProcessMemory request was completed. (0x12B)
[0205/175329.331:ERROR:process_reader_win.cc(242)] ReadMemory at 0x7ffd2efd64e0 of 40 bytes failed: Only part of a ReadProcessMemory or WriteProcessMemory request was completed. (0x12B)
[0205/175329.331:ERROR:process_reader_win.cc(242)] ReadMemory at 0x7ffd2efd6938 of 48 bytes failed: Only part of a ReadProcessMemory or WriteProcessMemory request was completed. (0x12B)
[0205/175329.331:ERROR:process_reader_win.cc(242)] ReadMemory at 0x7ffd2efd96b0 of 512 bytes failed: Only part of a ReadProcessMemory or WriteProcessMemory request was completed. (0x12B)
[0205/175329.331:ERROR:process_reader_win.cc(242)] ReadMemory at 0x7ffd2efdc360 of 64 bytes failed: Only part of a ReadProcessMemory or WriteProcessMemory request was completed. (0x12B)
[0205/175329.339:ERROR:scoped_process_suspend.cc(40)] NtResumeProcess: An attempt was made to access an exiting process. (0xc000010a)
